#
# A fatal error has been detected by the Java Runtime Environment:
#
#  EXCEPTION_ACCESS_VIOLATION (0xc0000005) at pc=0x000000005249248b, pid=7736, tid=6432
#
# JRE version: Java(TM) SE Runtime Environment (7.0_51-b13) (build 1.7.0_51-b13)
# Java VM: Java HotSpot(TM) 64-Bit Server VM (24.51-b03 mixed mode windows-amd64 compressed oops)
# Problematic frame:
# V  [jvm.dll+0x14248b]
#
# Failed to write core dump. Minidumps are not enabled by default on client versions of Windows
#
# If you would like to submit a bug report, please visit:
#   http://bugreport.sun.com/bugreport/crash.jsp
#

---------------  T H R E A D  ---------------

Current thread (0x0000000006dcc000):  JavaThread "JDWP Transport Listener: dt_shmem" daemon [_thread_in_vm, id=6432, stack(0x0000000008350000,0x0000000008450000)]

siginfo: ExceptionCode=0xc0000005, reading address 0x00003b636e003b79

Registers:
RAX=0x000000000844f301, RBX=0x0000000006dcc000, RCX=0x00003b636e003b79, RDX=0x0000000000000000
RSP=0x000000000844f2f0, RBP=0x00003b636e003b79, RSI=0x000000000844f408, RDI=0x00000000020da0c0
R8 =0x0000000006dcc000, R9 =0x0000000000008000, R10=0x0000000000000000, R11=0x0000000008d46390
R12=0x0000000000000000, R13=0x0000000006dc3e88, R14=0x0000000000000000, R15=0x0000000000000000
RIP=0x000000005249248b, EFLAGS=0x0000000000010202

Top of Stack: (sp=0x000000000844f2f0)
0x000000000844f2f0:   0000000006dcc000 0000000000000006
0x000000000844f300:   000000000844f3b8 0000000052631239
0x000000000844f310:   0000000006dcc000 000000005264ede2
0x000000000844f320:   0000000000000000 0000000051328e89
0x000000000844f330:   0000000006df35d8 000000005133265a
0x000000000844f340:   0000000006dcc000 0000000000000000
0x000000000844f350:   0000000000000000 0000000000000000
0x000000000844f360:   00003b636e003b79 0000000051331751
0x000000000844f370:   000000000844f408 000000000844f3e0
0x000000000844f380:   0000000000000001 0000000006df35d8
0x000000000844f390:   00003b636e003b79 00000000513153b3
0x000000000844f3a0:   000000000844f4d0 0000000000000001
0x000000000844f3b0:   0000000000000001 0000000006df35d8
0x000000000844f3c0:   0000000000000001 0000000000000000
0x000000000844f3d0:   0000000000000000 0000000000000000
0x000000000844f3e0:   0000000000000001 0000000051315571 

Instructions: (pc=0x000000005249248b)
0x000000005249246b:   48 8b 5c 24 30 48 89 47 18 48 83 c4 20 5f c3 cc
0x000000005249247b:   cc cc cc cc cc 40 53 48 83 ec 20 48 85 c9 74 54
0x000000005249248b:   48 8b 19 48 85 db 74 4c 48 b8 fe fe fe fe fe fe
0x000000005249249b:   fe fe 48 3b d8 74 3d 80 3d 8f 87 60 00 00 74 15 


Register to memory mapping:

RAX=0x000000000844f301 is pointing into the stack for thread: 0x0000000006dcc000
RBX=0x0000000006dcc000 is a thread
RCX=0x00003b636e003b79 is an unknown value
RDX=0x0000000000000000 is an unknown value
RSP=0x000000000844f2f0 is pointing into the stack for thread: 0x0000000006dcc000
RBP=0x00003b636e003b79 is an unknown value
RSI=0x000000000844f408 is pointing into the stack for thread: 0x0000000006dcc000
RDI=0x00000000020da0c0 is an unknown value
R8 =0x0000000006dcc000 is a thread
R9 =0x0000000000008000 is an unknown value
R10=0x0000000000000000 is an unknown value
R11=0x0000000008d46390 is an unknown value
R12=0x0000000000000000 is an unknown value
R13=0x0000000006dc3e88 is an unknown value
R14=0x0000000000000000 is an unknown value
R15=0x0000000000000000 is an unknown value


Stack: [0x0000000008350000,0x0000000008450000],  sp=0x000000000844f2f0,  free space=1020k
Native frames: (J=compiled Java code, j=interpreted, Vv=VM code, C=native code)
V  [jvm.dll+0x14248b]


---------------  P R O C E S S  ---------------

Java Threads: ( => current thread )
  0x0000000006dfd800 JavaThread "Service Thread" daemon [_thread_blocked, id=4904, stack(0x0000000008850000,0x0000000008950000)]
  0x0000000006dfc800 JavaThread "C2 CompilerThread1" daemon [_thread_blocked, id=2916, stack(0x0000000008750000,0x0000000008850000)]
  0x0000000006ded000 JavaThread "C2 CompilerThread0" daemon [_thread_blocked, id=5304, stack(0x0000000008650000,0x0000000008750000)]
  0x0000000006ddc800 JavaThread "JDWP Command Reader" daemon [_thread_in_native, id=6080, stack(0x0000000008550000,0x0000000008650000)]
  0x0000000006dd9800 JavaThread "JDWP Event Helper Thread" daemon [_thread_blocked, id=3456, stack(0x0000000008450000,0x0000000008550000)]
=>0x0000000006dcc000 JavaThread "JDWP Transport Listener: dt_shmem" daemon [_thread_in_vm, id=6432, stack(0x0000000008350000,0x0000000008450000)]
  0x0000000006dc5000 JavaThread "Attach Listener" daemon [_thread_blocked, id=7200, stack(0x0000000008250000,0x0000000008350000)]
  0x0000000006dc2000 JavaThread "Signal Dispatcher" daemon [_thread_blocked, id=3636, stack(0x0000000008150000,0x0000000008250000)]
  0x0000000006d91000 JavaThread "Finalizer" daemon [_thread_blocked, id=8180, stack(0x0000000008050000,0x0000000008150000)]
  0x0000000006d85800 JavaThread "Reference Handler" daemon [_thread_blocked, id=5748, stack(0x0000000007f50000,0x0000000008050000)]
  0x00000000020de800 JavaThread "main" [_thread_blocked, id=4772, stack(0x0000000001fd0000,0x00000000020d0000)]

Other Threads:
  0x0000000006d83800 VMThread [stack: 0x0000000007e50000,0x0000000007f50000] [id=6412]
  0x0000000006e07000 WatcherThread [stack: 0x0000000008950000,0x0000000008a50000] [id=3940]

VM state:not at safepoint (normal execution)

VM Mutex/Monitor currently owned by a thread: None

Heap
 PSYoungGen      total 38400K, used 32333K [0x00000000f5500000, 0x00000000f7f80000, 0x0000000100000000)
  eden space 33280K, 97% used [0x00000000f5500000,0x00000000f7493578,0x00000000f7580000)
  from space 5120K, 0% used [0x00000000f7a80000,0x00000000f7a80000,0x00000000f7f80000)
  to   space 5120K, 0% used [0x00000000f7580000,0x00000000f7580000,0x00000000f7a80000)
 ParOldGen       total 86016K, used 0K [0x00000000e0000000, 0x00000000e5400000, 0x00000000f5500000)
  object space 86016K, 0% used [0x00000000e0000000,0x00000000e0000000,0x00000000e5400000)
 PSPermGen       total 21504K, used 2663K [0x00000000dae00000, 0x00000000dc300000, 0x00000000e0000000)
  object space 21504K, 12% used [0x00000000dae00000,0x00000000db099f40,0x00000000dc300000)

Card table byte_map: [0x00000000052a0000,0x00000000053d0000] byte_map_base: 0x0000000004bc9000

Polling page: 0x00000000007e0000

Code Cache  [0x00000000021e0000, 0x0000000002450000, 0x00000000051e0000)
 total_blobs=184 nmethods=9 adapters=136 free_code_cache=48748Kb largest_free_block=49896768

Compilation events (10 events):
Event: 0.233 Thread 0x0000000006dfc800 nmethod 3 0x0000000002244e10 code [0x0000000002245080, 0x0000000002245f90]
Event: 0.235 Thread 0x0000000006ded000 nmethod 4 0x0000000002246f90 code [0x0000000002247140, 0x0000000002248170]
Event: 0.236 Thread 0x0000000006dfc800    5             java.lang.String::indexOf (166 bytes)
Event: 0.249 Thread 0x0000000006dfc800 nmethod 5 0x000000000223f3d0 code [0x000000000223f520, 0x000000000223fa78]
Event: 0.266 Thread 0x0000000006ded000    7             java.lang.AbstractStringBuilder::ensureCapacityInternal (16 bytes)
Event: 0.270 Thread 0x0000000006ded000 nmethod 7 0x0000000002242f10 code [0x0000000002243060, 0x00000000022432d8]
Event: 0.275 Thread 0x0000000006dfc800    8             java.lang.String::startsWith (72 bytes)
Event: 0.279 Thread 0x0000000006dfc800 nmethod 8 0x0000000002242990 code [0x0000000002242ae0, 0x0000000002242d98]
Event: 0.284 Thread 0x0000000006ded000    9             java.lang.Math::min (11 bytes)
Event: 0.285 Thread 0x0000000006ded000 nmethod 9 0x0000000002243490 code [0x00000000022435c0, 0x0000000002243618]

GC Heap History (0 events):
No events

Deoptimization events (0 events):
No events

Internal exceptions (5 events):
Event: 0.040 Thread 0x00000000020de800 Threw 0x00000000f550b560 at C:\re\jdk7u51\527\hotspot\src\share\vm\prims\jni.cpp:3991
Event: 0.156 Thread 0x00000000020de800 Threw 0x00000000f554fae8 at C:\re\jdk7u51\527\hotspot\src\share\vm\prims\jvm.cpp:1244
Event: 0.181 Thread 0x00000000020de800 Threw 0x00000000f5566d20 at C:\re\jdk7u51\527\hotspot\src\share\vm\prims\jvm.cpp:1244
Event: 0.193 Thread 0x00000000020de800 Threw 0x00000000f557c418 at C:\re\jdk7u51\527\hotspot\src\share\vm\prims\jvm.cpp:1244
Event: 0.202 Thread 0x00000000020de800 Threw 0x00000000f5765c38 at C:\re\jdk7u51\527\hotspot\src\share\vm\prims\jvm.cpp:1244

Events (10 events):
Event: 0.548 Executing VM operation: GetOrSetLocal
Event: 0.548 Executing VM operation: GetOrSetLocal done
Event: 4.163 Executing VM operation: EnableBiasedLocking
Event: 4.163 Executing VM operation: EnableBiasedLocking done
Event: 84.593 Executing VM operation: RedefineClasses
Event: 84.593 Executing VM operation: RedefineClasses done
Event: 84.660 Executing VM operation: ChangeBreakpoints
Event: 84.660 Executing VM operation: ChangeBreakpoints done
Event: 320.544 Executing VM operation: RedefineClasses
Event: 320.544 Executing VM operation: RedefineClasses done


Dynamic libraries:
0x00007ff678330000 - 0x00007ff678363000 	C:\Program Files\Java\jdk1.7.0_51\bin\java.exe
0x00007ffa21fb0000 - 0x00007ffa22156000 	C:\WINDOWS\SYSTEM32\ntdll.dll
0x00007ffa21a80000 - 0x00007ffa21bba000 	C:\WINDOWS\system32\KERNEL32.DLL
0x00007ffa1f620000 - 0x00007ffa1f72f000 	C:\WINDOWS\system32\KERNELBASE.dll
0x00007ffa1d4f0000 - 0x00007ffa1d578000 	C:\WINDOWS\system32\apphelp.dll
0x00007ffa141f0000 - 0x00007ffa1423f000 	C:\WINDOWS\AppPatch\AppPatch64\AcGenral.DLL
0x00007ffa1fc50000 - 0x00007ffa1fcf7000 	C:\WINDOWS\system32\msvcrt.dll
0x00007ffa1f1d0000 - 0x00007ffa1f1fb000 	C:\WINDOWS\SYSTEM32\SspiCli.dll
0x00007ffa21500000 - 0x00007ffa21551000 	C:\WINDOWS\system32\SHLWAPI.dll
0x00007ffa216d0000 - 0x00007ffa21841000 	C:\WINDOWS\system32\USER32.dll
0x00007ffa21850000 - 0x00007ffa219c8000 	C:\WINDOWS\system32\ole32.dll
0x00007ffa1fd00000 - 0x00007ffa2110f000 	C:\WINDOWS\system32\SHELL32.dll
0x00007ffa1e630000 - 0x00007ffa1e64e000 	C:\WINDOWS\SYSTEM32\USERENV.dll
0x00007ffa21bc0000 - 0x00007ffa21c65000 	C:\WINDOWS\system32\ADVAPI32.dll
0x00007ffa122f0000 - 0x00007ffa1230b000 	C:\WINDOWS\SYSTEM32\MPR.dll
0x00007ffa1fa50000 - 0x00007ffa1fb87000 	C:\WINDOWS\system32\RPCRT4.dll
0x00007ffa21a20000 - 0x00007ffa21a77000 	C:\WINDOWS\SYSTEM32\sechost.dll
0x00007ffa21110000 - 0x00007ffa212e6000 	C:\WINDOWS\SYSTEM32\combase.dll
0x00007ffa1f830000 - 0x00007ffa1f974000 	C:\WINDOWS\system32\GDI32.dll
0x00007ffa1f320000 - 0x00007ffa1f334000 	C:\WINDOWS\SYSTEM32\profapi.dll
0x00007ffa1e2a0000 - 0x00007ffa1e33f000 	C:\WINDOWS\SYSTEM32\SHCORE.dll
0x00007ffa219d0000 - 0x00007ffa21a04000 	C:\WINDOWS\system32\IMM32.DLL
0x00007ffa21e70000 - 0x00007ffa21fa9000 	C:\WINDOWS\system32\MSCTF.dll
0x00007ffa1ee60000 - 0x00007ffa1f0ba000 	C:\WINDOWS\WinSxS\amd64_microsoft.windows.common-controls_6595b64144ccf1df_6.0.9600.17031_none_6242a4b3ecbb55a1\COMCTL32.dll
0x0000000052d30000 - 0x0000000052e02000 	C:\Program Files\Java\jdk1.7.0_51\jre\bin\msvcr100.dll
0x0000000052350000 - 0x0000000052b19000 	C:\Program Files\Java\jdk1.7.0_51\jre\bin\server\jvm.dll
0x00007ffa16ab0000 - 0x00007ffa16ab9000 	C:\WINDOWS\SYSTEM32\WSOCK32.dll
0x00007ffa1b420000 - 0x00007ffa1b43f000 	C:\WINDOWS\SYSTEM32\WINMM.dll
0x00007ffa212f0000 - 0x00007ffa212f7000 	C:\WINDOWS\system32\PSAPI.DLL
0x00007ffa21560000 - 0x00007ffa215b8000 	C:\WINDOWS\system32\WS2_32.dll
0x00007ffa1aa30000 - 0x00007ffa1aa5a000 	C:\WINDOWS\SYSTEM32\WINMMBASE.dll
0x00007ffa215c0000 - 0x00007ffa215c9000 	C:\WINDOWS\system32\NSI.dll
0x00007ffa1f730000 - 0x00007ffa1f77a000 	C:\WINDOWS\SYSTEM32\cfgmgr32.dll
0x00007ffa1d770000 - 0x00007ffa1d796000 	C:\WINDOWS\SYSTEM32\DEVOBJ.dll
0x0000000052300000 - 0x000000005230f000 	C:\Program Files\Java\jdk1.7.0_51\jre\bin\verify.dll
0x00000000522d0000 - 0x00000000522f8000 	C:\Program Files\Java\jdk1.7.0_51\jre\bin\java.dll
0x0000000051310000 - 0x0000000051345000 	C:\Program Files\Java\jdk1.7.0_51\jre\bin\jdwp.dll
0x0000000051300000 - 0x0000000051308000 	C:\Program Files\Java\jdk1.7.0_51\jre\bin\npt.dll
0x00000000522b0000 - 0x00000000522c5000 	C:\Program Files\Java\jdk1.7.0_51\jre\bin\zip.dll
0x0000000051350000 - 0x000000005135b000 	C:\Program Files\Java\jdk1.7.0_51\jre\bin\dt_shmem.dll
0x00007ffa10e30000 - 0x00007ffa10fb8000 	C:\WINDOWS\SYSTEM32\dbghelp.dll

VM Arguments:
jvm_args: -Xdebug -Xrunjdwp:transport=dt_shmem,address=javadebug -Dfile.encoding=UTF-8 -Xmx512M 
java_command: com.facharbeit.io.HtmlReader
Launcher Type: SUN_STANDARD

Environment Variables:
_JAVA_OPTIONS=-Xmx512M
PATH=C:\ProgramData\Oracle\Java\javapath;C:\Program Files (x86)\NVIDIA Corporation\PhysX\Common;c:\Program Files (x86)\AMD APP\bin\x86_64;c:\Program Files (x86)\AMD APP\bin\x86;C:\Users\Mirko\AppData\Roaming\.techniclauncher\tekkit\bin;C:\Program Files (x86)\IVI Foundation\VISA\WinNT\Bin;C:\WINDOWS\system32;C:\WINDOWS;C:\WINDOWS\System32\Wbem;C:\WINDOWS\System32\WindowsPowerShell\v1.0\;C:\Program Files (x86)\ATI Technologies\ATI.ACE\Core-Static;C:\Program Files (x86)\Intel\OpenCL SDK\3.0\bin\x86;C:\Program Files (x86)\Intel\OpenCL SDK\3.0\bin\x64
USERNAME=Mirko
OS=Windows_NT
PROCESSOR_IDENTIFIER=Intel64 Family 6 Model 58 Stepping 9, GenuineIntel



---------------  S Y S T E M  ---------------

OS: Windows 8 , 64 bit Build 9200 

CPU:total 4 (2 cores per cpu, 2 threads per core) family 6 model 58 stepping 9, cmov, cx8, fxsr, mmx, sse, sse2, sse3, ssse3, sse4.1, sse4.2, popcnt, avx, aes, erms, ht, tsc, tscinvbit, tscinv

Memory: 4k page, physical 8278296k(4554524k free), swap 16666904k(12210464k free)

vm_info: Java HotSpot(TM) 64-Bit Server VM (24.51-b03) for windows-amd64 JRE (1.7.0_51-b13), built on Dec 18 2013 18:40:56 by "java_re" with unknown MS VC++:1600

time: Fri Nov 28 17:11:38 2014
elapsed time: 320 seconds

